Unloaded module: mpi/gcc
Unloaded module: latex/TeXLive12
Loaded module: mpi/gcc
Loaded dependency [pygtk/python-2.7.3-pygtk-2.16.0]: python/2.7.3
Loaded module: pygtk/python-2.7.3-pygtk-2.16.0
Loaded module: matplotlib/matplotlib-1.4.0-python-2.7.3-pygtk
Loaded module: gamess/2014.12.R1
--------------------------------------------------------------------------
An MPI process has executed an operation involving a call to the
"fork()" system call to create a child process.  Open MPI is currently
operating in a condition that could result in memory corruption or
other system errors; your MPI job may hang, crash, or produce silent
data corruption.  The use of fork() (or system() or other calls that
create child processes) is strongly discouraged.  

The process that invoked fork was:

  Local host:          n-62-12-21 (PID 17929)
  MPI_COMM_WORLD rank: 28

If you are *absolutely sure* that your application will successfully
and correctly survive a call to fork(), you may disable this warning
by setting the mpi_warn_on_fork MCA parameter to 0.
--------------------------------------------------------------------------
[n-62-13-25:05877] 31 more processes have sent help message help-mpi-runtime.txt / mpi_init:warn-fork
[n-62-13-25:05877] Set MCA parameter "orte_base_help_aggregate" to 0 to see all help / error messages
